f:\stm32f103zet6_tg\visualgdb\debug\cl_cfa_240x320.o
f:\stm32f103zet6_tg\visualgdb\debug\cl_delay.o
f:\stm32f103zet6_tg\visualgdb\debug\cl_printmsg.o
f:\stm32f103zet6_tg\visualgdb\debug\cl_systemclockupdate.o
f:\stm32f103zet6_tg\visualgdb\debug\font-ascii-12x16.o
f:\stm32f103zet6_tg\visualgdb\debug\startup_stm32f103xe.o
f:\stm32f103zet6_tg\visualgdb\debug\stm32f103zet6_tg.o
f:\stm32f103zet6_tg\visualgdb\debug\stm32f1xx_ll_adc.o
f:\stm32f103zet6_tg\visualgdb\debug\stm32f1xx_ll_crc.o
f:\stm32f103zet6_tg\visualgdb\debug\stm32f1xx_ll_dac.o
f:\stm32f103zet6_tg\visualgdb\debug\stm32f1xx_ll_dma.o
f:\stm32f103zet6_tg\visualgdb\debug\stm32f1xx_ll_exti.o
f:\stm32f103zet6_tg\visualgdb\debug\stm32f1xx_ll_fsmc.o
f:\stm32f103zet6_tg\visualgdb\debug\stm32f1xx_ll_gpio.o
f:\stm32f103zet6_tg\visualgdb\debug\stm32f1xx_ll_i2c.o
f:\stm32f103zet6_tg\visualgdb\debug\stm32f1xx_ll_pwr.o
f:\stm32f103zet6_tg\visualgdb\debug\stm32f1xx_ll_rcc.o
f:\stm32f103zet6_tg\visualgdb\debug\stm32f1xx_ll_rtc.o
f:\stm32f103zet6_tg\visualgdb\debug\stm32f1xx_ll_sdmmc.o
f:\stm32f103zet6_tg\visualgdb\debug\stm32f1xx_ll_spi.o
f:\stm32f103zet6_tg\visualgdb\debug\stm32f1xx_ll_tim.o
f:\stm32f103zet6_tg\visualgdb\debug\stm32f1xx_ll_usart.o
f:\stm32f103zet6_tg\visualgdb\debug\stm32f1xx_ll_utils.o
f:\stm32f103zet6_tg\visualgdb\debug\system_stm32f1xx.o
f:\stm32f103zet6_tg\visualgdb\debug\cl_cfa_240x320.dep
f:\stm32f103zet6_tg\visualgdb\debug\cl_delay.dep
f:\stm32f103zet6_tg\visualgdb\debug\cl_printmsg.dep
f:\stm32f103zet6_tg\visualgdb\debug\cl_systemclockupdate.dep
f:\stm32f103zet6_tg\visualgdb\debug\font-ascii-12x16.dep
f:\stm32f103zet6_tg\visualgdb\debug\startup_stm32f103xe.dep
f:\stm32f103zet6_tg\visualgdb\debug\stm32f103zet6_tg.dep
f:\stm32f103zet6_tg\visualgdb\debug\stm32f1xx_ll_adc.dep
f:\stm32f103zet6_tg\visualgdb\debug\stm32f1xx_ll_crc.dep
f:\stm32f103zet6_tg\visualgdb\debug\stm32f1xx_ll_dac.dep
f:\stm32f103zet6_tg\visualgdb\debug\stm32f1xx_ll_dma.dep
f:\stm32f103zet6_tg\visualgdb\debug\stm32f1xx_ll_exti.dep
f:\stm32f103zet6_tg\visualgdb\debug\stm32f1xx_ll_fsmc.dep
f:\stm32f103zet6_tg\visualgdb\debug\stm32f1xx_ll_gpio.dep
f:\stm32f103zet6_tg\visualgdb\debug\stm32f1xx_ll_i2c.dep
f:\stm32f103zet6_tg\visualgdb\debug\stm32f1xx_ll_pwr.dep
f:\stm32f103zet6_tg\visualgdb\debug\stm32f1xx_ll_rcc.dep
f:\stm32f103zet6_tg\visualgdb\debug\stm32f1xx_ll_rtc.dep
f:\stm32f103zet6_tg\visualgdb\debug\stm32f1xx_ll_sdmmc.dep
f:\stm32f103zet6_tg\visualgdb\debug\stm32f1xx_ll_spi.dep
f:\stm32f103zet6_tg\visualgdb\debug\stm32f1xx_ll_tim.dep
f:\stm32f103zet6_tg\visualgdb\debug\stm32f1xx_ll_usart.dep
f:\stm32f103zet6_tg\visualgdb\debug\stm32f1xx_ll_utils.dep
f:\stm32f103zet6_tg\visualgdb\debug\system_stm32f1xx.dep
f:\stm32f103zet6_tg\visualgdb\debug\stm32f103zet6_tg.link.rsp
f:\stm32f103zet6_tg\visualgdb\debug\stm32f103zet6_tg.bin
f:\stm32f103zet6_tg\visualgdb\debug\stm32f103zet6_tg.alldeps
f:\stm32f103zet6_tg\visualgdb\debug\stm32f103zet6_tg
f:\stm32f103zet6_tg\visualgdb\debug\cl_cfa_240x320.gcc.rsp
f:\stm32f103zet6_tg\visualgdb\debug\cl_delay.gcc.rsp
f:\stm32f103zet6_tg\visualgdb\debug\cl_printmsg.gcc.rsp
f:\stm32f103zet6_tg\visualgdb\debug\cl_systemclockupdate.gcc.rsp
f:\stm32f103zet6_tg\visualgdb\debug\font-ascii-12x16.gcc.rsp
f:\stm32f103zet6_tg\visualgdb\debug\startup_stm32f103xe.gcc.rsp
f:\stm32f103zet6_tg\visualgdb\debug\stm32f103zet6_tg.gcc.rsp
f:\stm32f103zet6_tg\visualgdb\debug\stm32f103zet6_tg.mkbin.rsp
f:\stm32f103zet6_tg\visualgdb\debug\stm32f1xx_ll_adc.gcc.rsp
f:\stm32f103zet6_tg\visualgdb\debug\stm32f1xx_ll_crc.gcc.rsp
f:\stm32f103zet6_tg\visualgdb\debug\stm32f1xx_ll_dac.gcc.rsp
f:\stm32f103zet6_tg\visualgdb\debug\stm32f1xx_ll_dma.gcc.rsp
f:\stm32f103zet6_tg\visualgdb\debug\stm32f1xx_ll_exti.gcc.rsp
f:\stm32f103zet6_tg\visualgdb\debug\stm32f1xx_ll_fsmc.gcc.rsp
f:\stm32f103zet6_tg\visualgdb\debug\stm32f1xx_ll_gpio.gcc.rsp
f:\stm32f103zet6_tg\visualgdb\debug\stm32f1xx_ll_i2c.gcc.rsp
f:\stm32f103zet6_tg\visualgdb\debug\stm32f1xx_ll_pwr.gcc.rsp
f:\stm32f103zet6_tg\visualgdb\debug\stm32f1xx_ll_rcc.gcc.rsp
f:\stm32f103zet6_tg\visualgdb\debug\stm32f1xx_ll_rtc.gcc.rsp
f:\stm32f103zet6_tg\visualgdb\debug\stm32f1xx_ll_sdmmc.gcc.rsp
f:\stm32f103zet6_tg\visualgdb\debug\stm32f1xx_ll_spi.gcc.rsp
f:\stm32f103zet6_tg\visualgdb\debug\stm32f1xx_ll_tim.gcc.rsp
f:\stm32f103zet6_tg\visualgdb\debug\stm32f1xx_ll_usart.gcc.rsp
f:\stm32f103zet6_tg\visualgdb\debug\stm32f1xx_ll_utils.gcc.rsp
f:\stm32f103zet6_tg\visualgdb\debug\system_stm32f1xx.gcc.rsp
